<?xml version="1.0" encoding="UTF-8"?>
<!-- Generated by org.testng.reporters.JUnitReportReporter -->
<testsuite skipped="0" hostname="LAPTOP-49G1OO80" name="SpiceJetWebAppSuite.Spice_Jet_Flights_App.SpiceJetLandingPageTest" tests="5" failures="0" timestamp="07 Sep 2018 06:53:42 GMT" time="11.714" errors="0">
  <testcase name="selectCurAndPax" time="6.105" classname="SpiceJetWebAppSuite.Spice_Jet_Flights_App.SpiceJetLandingPageTest"/>
  <testcase name="verifyRoundTripRadio" time="0.091" classname="SpiceJetWebAppSuite.Spice_Jet_Flights_App.SpiceJetLandingPageTest"/>
  <testcase name="verifyStudentCheckBox" time="0.085" classname="SpiceJetWebAppSuite.Spice_Jet_Flights_App.SpiceJetLandingPageTest"/>
  <testcase name="selectCurAndPax" time="5.327" classname="SpiceJetWebAppSuite.Spice_Jet_Flights_App.SpiceJetLandingPageTest"/>
  <testcase name="verifyFlightButton" time="0.106" classname="SpiceJetWebAppSuite.Spice_Jet_Flights_App.SpiceJetLandingPageTest"/>
</testsuite> <!-- SpiceJetWebAppSuite.Spice_Jet_Flights_App.SpiceJetLandingPageTest -->
